<persistence xmlns="http://java.sun.com/xml/ns/persistence"
						 xmlns:xsi="http://www.w3.org/2001/XMLSchema-instance"
						 xsi:schemaLocation="http://java.sun.com/xml/ns/persistence http://java.sun.com/xml/ns/persistence/persistence_2_0.xsd"
						 version="2.0">
	<persistence-unit name="redmine-domain">
		<jta-data-source>java:jboss/datasources/redmine-ng</jta-data-source>
		<properties>
			<property name="hibernate.hbm2ddl.auto" value="create-drop"/>
		</properties>
	</persistence-unit>
</persistence>